0 info it worked if it ends with ok
1 verbose cli [ '/usr/bin/node',
1 verbose cli   '/usr/bin/npm',
1 verbose cli   'install',
1 verbose cli   '--save-dev',
1 verbose cli   'webpack-dev-server',
1 verbose cli   'webpack-hot-loader' ]
2 info using npm@3.5.2
3 info using node@v6.11.4
4 silly loadCurrentTree Starting
5 silly install loadCurrentTree
6 silly install readLocalPackageData
7 silly fetchPackageMetaData webpack-dev-server
8 silly fetchPackageMetaData webpack-hot-loader
9 silly fetchNamedPackageData webpack-dev-server
10 silly mapToRegistry name webpack-dev-server
11 silly mapToRegistry using default registry
12 silly mapToRegistry registry https://registry.npmjs.org/
13 silly mapToRegistry uri https://registry.npmjs.org/webpack-dev-server
14 silly fetchNamedPackageData webpack-hot-loader
15 silly mapToRegistry name webpack-hot-loader
16 silly mapToRegistry using default registry
17 silly mapToRegistry registry https://registry.npmjs.org/
18 silly mapToRegistry uri https://registry.npmjs.org/webpack-hot-loader
19 verbose request uri https://registry.npmjs.org/webpack-dev-server
20 verbose request no auth needed
21 info attempt registry request try #1 at 3:49:33 PM
22 verbose request id 878a5c714f7d136c
23 http request GET https://registry.npmjs.org/webpack-dev-server
24 verbose request uri https://registry.npmjs.org/webpack-hot-loader
25 verbose request no auth needed
26 info attempt registry request try #1 at 3:49:33 PM
27 http request GET https://registry.npmjs.org/webpack-hot-loader
28 http 200 https://registry.npmjs.org/webpack-dev-server
29 verbose headers { 'content-type': 'application/json; charset=UTF-8',
29 verbose headers   server: 'UploadServer',
29 verbose headers   'cache-control': 'max-age=300',
29 verbose headers   'last-modified': 'Wed, 17 Jan 2018 18:40:35 GMT',
29 verbose headers   etag: '"5a5f98a3-44e1d"',
29 verbose headers   'content-encoding': 'gzip',
29 verbose headers   'content-length': '22005',
29 verbose headers   'accept-ranges': 'bytes',
29 verbose headers   date: 'Sat, 20 Jan 2018 20:49:33 GMT',
29 verbose headers   via: '1.1 varnish',
29 verbose headers   age: '4054',
29 verbose headers   connection: 'keep-alive',
29 verbose headers   'x-served-by': 'cache-bos8231-BOS',
29 verbose headers   'x-cache': 'HIT',
29 verbose headers   'x-cache-hits': '1',
29 verbose headers   'x-timer': 'S1516481373.391528,VS0,VE1',
29 verbose headers   vary: 'Accept-Encoding, Accept' }
30 silly get cb [ 200,
30 silly get   { 'content-type': 'application/json; charset=UTF-8',
30 silly get     server: 'UploadServer',
30 silly get     'cache-control': 'max-age=300',
30 silly get     'last-modified': 'Wed, 17 Jan 2018 18:40:35 GMT',
30 silly get     etag: '"5a5f98a3-44e1d"',
30 silly get     'content-encoding': 'gzip',
30 silly get     'content-length': '22005',
30 silly get     'accept-ranges': 'bytes',
30 silly get     date: 'Sat, 20 Jan 2018 20:49:33 GMT',
30 silly get     via: '1.1 varnish',
30 silly get     age: '4054',
30 silly get     connection: 'keep-alive',
30 silly get     'x-served-by': 'cache-bos8231-BOS',
30 silly get     'x-cache': 'HIT',
30 silly get     'x-cache-hits': '1',
30 silly get     'x-timer': 'S1516481373.391528,VS0,VE1',
30 silly get     vary: 'Accept-Encoding, Accept' } ]
31 verbose get saving webpack-dev-server to /home/alec/.npm/registry.npmjs.org/webpack-dev-server/.cache.json
32 http 404 https://registry.npmjs.org/webpack-hot-loader
33 verbose headers { 'content-type': 'application/json',
33 verbose headers   'cache-control': 'max-age=0',
33 verbose headers   'content-length': '2',
33 verbose headers   'accept-ranges': 'bytes',
33 verbose headers   date: 'Sat, 20 Jan 2018 20:49:34 GMT',
33 verbose headers   via: '1.1 varnish',
33 verbose headers   connection: 'keep-alive',
33 verbose headers   'x-served-by': 'cache-bos8232-BOS',
33 verbose headers   'x-cache': 'MISS',
33 verbose headers   'x-cache-hits': '0',
33 verbose headers   'x-timer': 'S1516481373.391850,VS0,VE759',
33 verbose headers   vary: 'Accept-Encoding' }
34 silly get cb [ 404,
34 silly get   { 'content-type': 'application/json',
34 silly get     'cache-control': 'max-age=0',
34 silly get     'content-length': '2',
34 silly get     'accept-ranges': 'bytes',
34 silly get     date: 'Sat, 20 Jan 2018 20:49:34 GMT',
34 silly get     via: '1.1 varnish',
34 silly get     connection: 'keep-alive',
34 silly get     'x-served-by': 'cache-bos8232-BOS',
34 silly get     'x-cache': 'MISS',
34 silly get     'x-cache-hits': '0',
34 silly get     'x-timer': 'S1516481373.391850,VS0,VE759',
34 silly get     vary: 'Accept-Encoding' } ]
35 silly fetchPackageMetaData Error: Registry returned 404 for GET on https://registry.npmjs.org/webpack-hot-loader
35 silly fetchPackageMetaData     at makeError (/usr/share/npm/node_modules/npm-registry-client/lib/request.js:264:12)
35 silly fetchPackageMetaData     at CachingRegistryClient.<anonymous> (/usr/share/npm/node_modules/npm-registry-client/lib/request.js:242:14)
35 silly fetchPackageMetaData     at Request._callback (/usr/share/npm/node_modules/npm-registry-client/lib/request.js:172:14)
35 silly fetchPackageMetaData     at Request.self.callback (/usr/share/npm/node_modules/request/request.js:198:22)
35 silly fetchPackageMetaData     at emitTwo (events.js:106:13)
35 silly fetchPackageMetaData     at Request.emit (events.js:191:7)
35 silly fetchPackageMetaData     at Request.<anonymous> (/usr/share/npm/node_modules/request/request.js:1082:10)
35 silly fetchPackageMetaData     at emitOne (events.js:101:20)
35 silly fetchPackageMetaData     at Request.emit (events.js:188:7)
35 silly fetchPackageMetaData     at IncomingMessage.<anonymous> (/usr/share/npm/node_modules/request/request.js:1009:12)
35 silly fetchPackageMetaData  error for webpack-hot-loader { Error: Registry returned 404 for GET on https://registry.npmjs.org/webpack-hot-loader
35 silly fetchPackageMetaData     at makeError (/usr/share/npm/node_modules/npm-registry-client/lib/request.js:264:12)
35 silly fetchPackageMetaData     at CachingRegistryClient.<anonymous> (/usr/share/npm/node_modules/npm-registry-client/lib/request.js:242:14)
35 silly fetchPackageMetaData     at Request._callback (/usr/share/npm/node_modules/npm-registry-client/lib/request.js:172:14)
35 silly fetchPackageMetaData     at Request.self.callback (/usr/share/npm/node_modules/request/request.js:198:22)
35 silly fetchPackageMetaData     at emitTwo (events.js:106:13)
35 silly fetchPackageMetaData     at Request.emit (events.js:191:7)
35 silly fetchPackageMetaData     at Request.<anonymous> (/usr/share/npm/node_modules/request/request.js:1082:10)
35 silly fetchPackageMetaData     at emitOne (events.js:101:20)
35 silly fetchPackageMetaData     at Request.emit (events.js:188:7)
35 silly fetchPackageMetaData     at IncomingMessage.<anonymous> (/usr/share/npm/node_modules/request/request.js:1009:12) pkgid: 'webpack-hot-loader', statusCode: 404, code: 'E404' }
36 silly rollbackFailedOptional Starting
37 silly rollbackFailedOptional Finishing
38 silly runTopLevelLifecycles Starting
39 silly runTopLevelLifecycles Finishing
40 silly install printInstalled
41 verbose stack Error: Registry returned 404 for GET on https://registry.npmjs.org/webpack-hot-loader
41 verbose stack     at makeError (/usr/share/npm/node_modules/npm-registry-client/lib/request.js:264:12)
41 verbose stack     at CachingRegistryClient.<anonymous> (/usr/share/npm/node_modules/npm-registry-client/lib/request.js:242:14)
41 verbose stack     at Request._callback (/usr/share/npm/node_modules/npm-registry-client/lib/request.js:172:14)
41 verbose stack     at Request.self.callback (/usr/share/npm/node_modules/request/request.js:198:22)
41 verbose stack     at emitTwo (events.js:106:13)
41 verbose stack     at Request.emit (events.js:191:7)
41 verbose stack     at Request.<anonymous> (/usr/share/npm/node_modules/request/request.js:1082:10)
41 verbose stack     at emitOne (events.js:101:20)
41 verbose stack     at Request.emit (events.js:188:7)
41 verbose stack     at IncomingMessage.<anonymous> (/usr/share/npm/node_modules/request/request.js:1009:12)
42 verbose statusCode 404
43 verbose pkgid webpack-hot-loader
44 verbose cwd /home/alec/Projects/klaviyo/weather-app/assets
45 error Linux 4.13.0-25-generic
46 error argv "/usr/bin/node" "/usr/bin/npm" "install" "--save-dev" "webpack-dev-server" "webpack-hot-loader"
47 error node v6.11.4
48 error npm  v3.5.2
49 error code E404
50 error 404 Registry returned 404 for GET on https://registry.npmjs.org/webpack-hot-loader
51 error 404
52 error 404 'webpack-hot-loader' is not in the npm registry.
53 error 404 You should bug the author to publish it (or use the name yourself!)
54 error 404 Note that you can also install from a
55 error 404 tarball, folder, http url, or git url.
56 verbose exit [ 1, true ]
